Removed Pin From Net: NetName=NetD10_1 Pin=U11-2
Removed Pin From Net: NetName=OSC_IN Pin=U11-5
Removed Pin From Net: NetName=OSC_OUT Pin=U11-6
Removed Pin From Net: NetName=NRST Pin=U11-7
Removed Pin From Net: NetName=TIM1_1 Pin=U11-8
Removed Pin From Net: NetName=TIM1_2 Pin=U11-9
Removed Pin From Net: NetName=TIM1_3 Pin=U11-10
Removed Pin From Net: NetName=TIM1_4 Pin=U11-11
Removed Pin From Net: NetName=TIM2_1 Pin=U11-12
Removed Pin From Net: NetName=TIM2_2 Pin=U11-13
Removed Pin From Net: NetName=TIM2_3 Pin=U11-14
Removed Pin From Net: NetName=TIM2_4 Pin=U11-17
Removed Pin From Net: NetName=TIM3_1 Pin=U11-20
Removed Pin From Net: NetName=TIM3_2 Pin=U11-21
Removed Pin From Net: NetName=UART1_TX Pin=U11-22
Removed Pin From Net: NetName=UART1_RX Pin=U11-23
Removed Pin From Net: NetName=TIM3_3 Pin=U11-24
Removed Pin From Net: NetName=TIM3_4 Pin=U11-25
Removed Pin From Net: NetName=USART3_TX Pin=U11-30
Removed Pin From Net: NetName=USART3_RX Pin=U11-33
Removed Pin From Net: NetName=SPI_SCK Pin=U11-35
Removed Pin From Net: NetName=SPI_MISO Pin=U11-36
Removed Pin From Net: NetName=SPI_MOSI Pin=U11-37
Removed Pin From Net: NetName=I2C3_SCL Pin=U11-40
Removed Pin From Net: NetName=I2C3_SDA Pin=U11-41
Removed Pin From Net: NetName=I2C2_SDA Pin=U11-42
Removed Pin From Net: NetName=I2C2_SCL Pin=U11-43
Removed Pin From Net: NetName=CAN_RX Pin=U11-45
Removed Pin From Net: NetName=CAN_TX Pin=U11-46
Removed Pin From Net: NetName=SWDIO Pin=U11-49
Removed Pin From Net: NetName=SWCLK Pin=U11-50
Removed Pin From Net: NetName=UART4_TX Pin=U11-52
Removed Pin From Net: NetName=UART4_RX Pin=U11-53
Removed Pin From Net: NetName=UART5_TX Pin=U11-54
Removed Pin From Net: NetName=UART5_RX Pin=U11-55
Removed Pin From Net: NetName=USART2_TX Pin=U11-56
Removed Pin From Net: NetName=USART2_RX Pin=U11-57
Removed Pin From Net: NetName=NetR25_2 Pin=U11-61
Added Component: Designator=U4(LQFP64-10x10mm)
Add component (AddParameter): Name = "Mfr_Name"; Value = "STMicroelectronics"; VariantName = "[No Variations]"
Add component (AddParameter): Name = "RefDes"; Value = "RefDes"; VariantName = "[No Variations]"
Add component (AddParameter): Name = "Type"; Value = "Type"; VariantName = "[No Variations]"
Added Pin To Net: NetName=3V3 Pin=U4-1
Added Pin To Net: NetName=NetD10_1 Pin=U4-2
Added Pin To Net: NetName=OSC_IN Pin=U4-5
Added Pin To Net: NetName=OSC_OUT Pin=U4-6
Added Pin To Net: NetName=NRST Pin=U4-7
Added Pin To Net: NetName=TIM1_1 Pin=U4-8
Added Pin To Net: NetName=TIM1_2 Pin=U4-9
Added Pin To Net: NetName=TIM1_3 Pin=U4-10
Added Pin To Net: NetName=TIM1_4 Pin=U4-11
Added Pin To Net: NetName=TIM2_1 Pin=U4-12
Added Pin To Net: NetName=TIM2_2 Pin=U4-13
Added Pin To Net: NetName=TIM2_3 Pin=U4-14
Added Pin To Net: NetName=GND Pin=U4-15
Added Pin To Net: NetName=3V3 Pin=U4-16
Added Pin To Net: NetName=TIM2_4 Pin=U4-17
Added Pin To Net: NetName=TIM3_1 Pin=U4-20
Added Pin To Net: NetName=TIM3_2 Pin=U4-21
Added Pin To Net: NetName=UART1_TX Pin=U4-22
Added Pin To Net: NetName=UART1_RX Pin=U4-23
Added Pin To Net: NetName=TIM3_3 Pin=U4-24
Added Pin To Net: NetName=TIM3_4 Pin=U4-25
Added Pin To Net: NetName=GND Pin=U4-27
Added Pin To Net: NetName=VDDA Pin=U4-28
Added Pin To Net: NetName=VDDA Pin=U4-29
Added Pin To Net: NetName=USART3_TX Pin=U4-30
Added Pin To Net: NetName=GND Pin=U4-31
Added Pin To Net: NetName=3V3 Pin=U4-32
Added Pin To Net: NetName=USART3_RX Pin=U4-33
Added Pin To Net: NetName=SPI_SCK Pin=U4-35
Added Pin To Net: NetName=SPI_MISO Pin=U4-36
Added Pin To Net: NetName=SPI_MOSI Pin=U4-37
Added Pin To Net: NetName=I2C3_SCL Pin=U4-40
Added Pin To Net: NetName=I2C3_SDA Pin=U4-41
Added Pin To Net: NetName=I2C2_SDA Pin=U4-42
Added Pin To Net: NetName=I2C2_SCL Pin=U4-43
Added Pin To Net: NetName=CAN_RX Pin=U4-45
Added Pin To Net: NetName=CAN_TX Pin=U4-46
Added Pin To Net: NetName=GND Pin=U4-47
Added Pin To Net: NetName=3V3 Pin=U4-48
Added Pin To Net: NetName=SWDIO Pin=U4-49
Added Pin To Net: NetName=SWCLK Pin=U4-50
Added Pin To Net: NetName=UART4_TX Pin=U4-52
Added Pin To Net: NetName=UART4_RX Pin=U4-53
Added Pin To Net: NetName=UART5_TX Pin=U4-54
Added Pin To Net: NetName=UART5_RX Pin=U4-55
Added Pin To Net: NetName=USART2_TX Pin=U4-56
Added Pin To Net: NetName=USART2_RX Pin=U4-57
Added Pin To Net: NetName=NetR25_2 Pin=U4-61
Added Pin To Net: NetName=GND Pin=U4-63
Added Pin To Net: NetName=3V3 Pin=U4-64
Added Pin To Net: NetName=NetU4_3 Pin=U4-3
Added Pin To Net: NetName=NetU4_3 Pin=U4-4
Added Pin To Net: NetName=NetU4_3 Pin=U4-18
Added Pin To Net: NetName=NetU4_3 Pin=U4-19
Added Pin To Net: NetName=NetU4_3 Pin=U4-26
Added Pin To Net: NetName=NetU4_3 Pin=U4-34
Added Pin To Net: NetName=NetU4_3 Pin=U4-38
Added Pin To Net: NetName=NetU4_3 Pin=U4-39
Added Pin To Net: NetName=NetU4_3 Pin=U4-44
Added Pin To Net: NetName=NetU4_3 Pin=U4-51
Added Pin To Net: NetName=NetU4_3 Pin=U4-58
Added Pin To Net: NetName=NetU4_3 Pin=U4-59
Added Pin To Net: NetName=NetU4_3 Pin=U4-60
Added Pin To Net: NetName=NetU4_3 Pin=U4-62
Added Net: Name=NetU4_3
Added Member To Class: ClassName=MCU Member=Component U4 STM32G473RCT6
