Removed Pin From Net: NetName=GND Pin=J3-1
Removed Pin From Net: NetName=3V3 Pin=J3-2
Removed Member From Class: ClassName=ESP Member=J3
Added Component: Designator=P?(HDR1X4)
Add component (AddParameter): Name = "LatestRevisionDate"; Value = "17-Jul-2002"; VariantName = "[No Variations]"
Add component (AddParameter): Name = "LatestRevisionNote"; Value = "Re-released for DXP Platform."; VariantName = "[No Variations]"
Add component (AddParameter): Name = "Publisher"; Value = "Altium Limited"; VariantName = "[No Variations]"
Added Component: Designator=R?(RES 0603)
Add component (AddParameter): Name = "LatestRevisionDate"; Value = "17-Jul-2002"; VariantName = "[No Variations]"
Add component (AddParameter): Name = "LatestRevisionNote"; Value = "Re-released for DXP Platform."; VariantName = "[No Variations]"
Add component (AddParameter): Name = "Published"; Value = "8-Jun-2000"; VariantName = "[No Variations]"
Add component (AddParameter): Name = "Publisher"; Value = "Altium Limited"; VariantName = "[No Variations]"
Added Component: Designator=R?(RES 0603)
Add component (AddParameter): Name = "LatestRevisionDate"; Value = "17-Jul-2002"; VariantName = "[No Variations]"
Add component (AddParameter): Name = "LatestRevisionNote"; Value = "Re-released for DXP Platform."; VariantName = "[No Variations]"
Add component (AddParameter): Name = "Published"; Value = "8-Jun-2000"; VariantName = "[No Variations]"
Add component (AddParameter): Name = "Publisher"; Value = "Altium Limited"; VariantName = "[No Variations]"
Added Pin To Net: NetName=GND Pin=P?-1
Added Pin To Net: NetName=3V3 Pin=P?-2
Added Pin To Net: NetName=GND Pin=U3-P$2
Added Pin To Net: NetName=GND Pin=U3-P$17
Added Pin To Net: NetName=GND Pin=U3-P$18
Added Pin To Net: NetName=GND Pin=U3-P$29
Added Pin To Net: NetName=GND Pin=U3-P$39
Added Pin To Net: NetName=GND Pin=U3-P$45
Added Pin To Net: NetName=GND Pin=U3-P$46
Added Pin To Net: NetName=GND Pin=U3-P$54
Added Pin To Net: NetName=GND Pin=U3-P$58
Added Pin To Net: NetName=GND Pin=U3-P$59
Added Pin To Net: NetName=GND Pin=U3-P$61
Added Pin To Net: NetName=GND Pin=U3-P$62
Added Pin To Net: NetName=GND Pin=U3-P$63
Added Pin To Net: NetName=GND Pin=U3-P$64
Added Pin To Net: NetName=GND Pin=U3-P$65
Added Pin To Net: NetName=GND Pin=U3-P$69
Added Pin To Net: NetName=GND Pin=U3-P$70
Added Pin To Net: NetName=GND Pin=U3-P$71
Added Pin To Net: NetName=GND Pin=U3-P$72
Added Pin To Net: NetName=GND Pin=U3-P$73
Added Pin To Net: NetName=GND Pin=U3-P$74
Added Pin To Net: NetName=GND Pin=U3-P$75
Added Pin To Net: NetName=GND Pin=U3-P$76
Added Pin To Net: NetName=GND Pin=U3-P$77
Added Pin To Net: NetName=GND Pin=U3-P$78
Added Pin To Net: NetName=GND Pin=U3-P$79
Added Pin To Net: NetName=GND Pin=U3-P$80
Added Pin To Net: NetName=GND Pin=U3-P$81
Added Pin To Net: NetName=GND Pin=U3-P$82
Added Pin To Net: NetName=GND Pin=U3-P$83
Added Pin To Net: NetName=GND Pin=U3-P$84
Added Pin To Net: NetName=GND Pin=U3-P$85
Added Pin To Net: NetName=GND Pin=U3-P$86
Added Pin To Net: NetName=GND Pin=U3-P$87
Added Pin To Net: NetName=GND Pin=U3-P$88
Added Pin To Net: NetName=GND Pin=U3-P$89
Added Pin To Net: NetName=GND Pin=U3-P$91
Added Pin To Net: NetName=GND Pin=U3-P$92
Added Pin To Net: NetName=GND Pin=U3-P$94
Added Pin To Net: NetName=ESP_RX Pin=P?-3
Added Pin To Net: NetName=ESP_RX Pin=R?-2
Added Net: Name=ESP_RX
Added Pin To Net: NetName=ESP_TX Pin=P?-4
Added Pin To Net: NetName=ESP_TX Pin=R?-2
Added Net: Name=ESP_TX
Added Pin To Net: NetName=NetR?_1 Pin=R?-1
Added Pin To Net: NetName=NetR?_1 Pin=U2-12
Added Net: Name=NetR?_1
Add Net: Net with name "NetR?_1" already exists
Added Member To Class: ClassName=ESP Member=Component P? Header 4
Added Member To Class: ClassName=ESP Member=Component R? R_0603_1K
Added Member To Class: ClassName=ESP Member=Component R? R_0603_1K
