Change Component Designator: OldDesignator=J? NewDesignator=J22
Change Component Designator: OldDesignator=J? NewDesignator=J23
Change Component Designator: OldDesignator=Q? NewDesignator=Q1
Change Component Designator: OldDesignator=Q? NewDesignator=Q2
Change Component Designator: OldDesignator=R? NewDesignator=R89
Change Component Designator: OldDesignator=R? NewDesignator=R90
Change Component Designator: OldDesignator=R? NewDesignator=R91
Change Component Designator: OldDesignator=R? NewDesignator=R92
Change Net Name : Old Net Name=NetJ?_2 New Net Name=NetJ22_2
Change Net Name : Old Net Name=NetQ?_1 New Net Name=NetQ2_1
Added Pin To Net: NetName=NetJ23_2 Pin=J23-2
Added Pin To Net: NetName=NetJ23_2 Pin=Q2-3
Added Net: Name=NetJ23_2
Added Pin To Net: NetName=NetQ1_1 Pin=Q1-1
Added Pin To Net: NetName=NetQ1_1 Pin=R89-1
Added Pin To Net: NetName=NetQ1_1 Pin=R91-2
Added Net: Name=NetQ1_1
Added Member To Class: ClassName=Sensor Member=Component J22 J_3.81_2P
Added Member To Class: ClassName=Sensor Member=Component Q2 Q_SOT23_PMV45EN2R
Added Member To Class: ClassName=Sensor Member=Component R89 R_0603_1K
Added Member To Class: ClassName=Sensor Member=Component R90 R_0603_1K
Added Member To Class: ClassName=Sensor Member=Component R91 R_0603_4K7
