Removed Pin From Net: NetName=USART3_TX Pin=U4-30
Removed Pin From Net: NetName=USART3_RX Pin=U4-33
Added Component: Designator=J25(4 Pin PCB TB 3.81)
Add component (AddParameter): Name = "Availability"; Value = "Unavailable"; VariantName = "[No Variations]"
Add component (AddParameter): Name = "MF"; Value = ""; VariantName = "[No Variations]"
Add component (AddParameter): Name = "MP"; Value = "TBP02R1-381-04BE"; VariantName = "[No Variations]"
Add component (AddParameter): Name = "Package"; Value = "None"; VariantName = "[No Variations]"
Add component (AddParameter): Name = "Price"; Value = "None"; VariantName = "[No Variations]"
Add component (AddParameter): Name = "Value"; Value = ""; VariantName = "[No Variations]"
Added Component: Designator=R105(RES 0603)
Add component (AddParameter): Name = "LatestRevisionDate"; Value = "17-Jul-2002"; VariantName = "[No Variations]"
Add component (AddParameter): Name = "LatestRevisionNote"; Value = "Re-released for DXP Platform."; VariantName = "[No Variations]"
Add component (AddParameter): Name = "Published"; Value = "8-Jun-2000"; VariantName = "[No Variations]"
Add component (AddParameter): Name = "Publisher"; Value = "Altium Limited"; VariantName = "[No Variations]"
Added Component: Designator=R106(RES 0603)
Add component (AddParameter): Name = "LatestRevisionDate"; Value = "17-Jul-2002"; VariantName = "[No Variations]"
Add component (AddParameter): Name = "LatestRevisionNote"; Value = "Re-released for DXP Platform."; VariantName = "[No Variations]"
Add component (AddParameter): Name = "Published"; Value = "8-Jun-2000"; VariantName = "[No Variations]"
Add component (AddParameter): Name = "Publisher"; Value = "Altium Limited"; VariantName = "[No Variations]"
Added Pin To Net: NetName=3V3 Pin=J25-1
Added Pin To Net: NetName=USART3_TX Pin=J25-2
Added Pin To Net: NetName=USART3_RX Pin=J25-3
Added Pin To Net: NetName=GND Pin=J25-4
Added Pin To Net: NetName=USART3_TX Pin=R105-1
Added Pin To Net: NetName=USART3_RX Pin=R106-1
Added Pin To Net: NetName=NetR105_2 Pin=R105-2
Added Pin To Net: NetName=NetR105_2 Pin=U4-30
Added Net: Name=NetR105_2
Added Pin To Net: NetName=NetR106_2 Pin=R106-2
Added Pin To Net: NetName=NetR106_2 Pin=U4-33
Added Net: Name=NetR106_2
Added Member To Class: ClassName=MCU Member=Component J25 J_3.81_4P
Added Member To Class: ClassName=MCU Member=Component R105 R_0603_1K
Added Member To Class: ClassName=MCU Member=Component R106 R_0603_1K
