Removed Pin From Net: NetName=R1IN Pin=J1-1
Removed Pin From Net: NetName=T1OUT Pin=J1-2
Removed Pin From Net: NetName=GND Pin=J1-3
Change Component Footprint: Designator=J1 Old Footprint=3 Pin PCB TB 3.81 New Footprint=4 Pin PCB TB 3.81
Change Component Comment : Designator=J1 Old Comment=J_3.81_3P New Comment=J_Pinspace_Pincount
Change component parameters: Designator = "J1" ("J1"); Footprint = "3 Pin PCB TB 3.81"; UniqueID = "\JKUJCMJG" ("\JKUJCMJG")
Change component parameters (AddParameter): Name = "Availability"; Value = "Unavailable"; VariantName = "[No Variations]"
Change component parameters (AddParameter): Name = "MF"; Value = ""; VariantName = "[No Variations]"
Change component parameters (AddParameter): Name = "MP"; Value = "TBP02R1-381-04BE"; VariantName = "[No Variations]"
Change component parameters (AddParameter): Name = "Package"; Value = "None"; VariantName = "[No Variations]"
Change component parameters (AddParameter): Name = "Price"; Value = "None"; VariantName = "[No Variations]"
Change component parameters (AddParameter): Name = "Value"; Value = ""; VariantName = "[No Variations]"
Added Pin To Net: NetName=3V3 Pin=J1-1
Added Pin To Net: NetName=R1IN Pin=J1-2
Added Pin To Net: NetName=T1OUT Pin=J1-3
Added Pin To Net: NetName=GND Pin=J1-4
Added Member To Class: ClassName=Motor Member=Component C41 C_2917_47u 35V
Added Member To Class: ClassName=Sensor Member=Component J23 J_3.81_2P
Added Member To Class: ClassName=Sensor Member=Component Q1 Q_SOT23_PMV45EN2R
Added Member To Class: ClassName=Sensor Member=Component R92 R_0603_4K7
