Removed Pin From Net: NetName=NetD10_1 Pin=U4-2
Removed Pin From Net: NetName=OSC_IN Pin=U4-5
Removed Pin From Net: NetName=OSC_OUT Pin=U4-6
Removed Pin From Net: NetName=NRST Pin=U4-7
Removed Pin From Net: NetName=TIM1_1 Pin=U4-8
Removed Pin From Net: NetName=TIM1_2 Pin=U4-9
Removed Pin From Net: NetName=TIM1_3 Pin=U4-10
Removed Pin From Net: NetName=TIM1_4 Pin=U4-11
Removed Pin From Net: NetName=TIM2_1 Pin=U4-12
Removed Pin From Net: NetName=TIM2_2 Pin=U4-13
Removed Pin From Net: NetName=TIM2_3 Pin=U4-14
Removed Pin From Net: NetName=TIM2_4 Pin=U4-17
Removed Pin From Net: NetName=TIM3_1 Pin=U4-20
Removed Pin From Net: NetName=TIM3_2 Pin=U4-21
Removed Pin From Net: NetName=UART1_TX Pin=U4-22
Removed Pin From Net: NetName=UART1_RX Pin=U4-23
Removed Pin From Net: NetName=TIM3_3 Pin=U4-24
Removed Pin From Net: NetName=TIM3_4 Pin=U4-25
Removed Pin From Net: NetName=USART3_TX Pin=U4-30
Removed Pin From Net: NetName=USART3_RX Pin=U4-33
Removed Pin From Net: NetName=SPI_SCK Pin=U4-35
Removed Pin From Net: NetName=SPI_MISO Pin=U4-36
Removed Pin From Net: NetName=SPI_MOSI Pin=U4-37
Removed Pin From Net: NetName=I2C3_SCL Pin=U4-40
Removed Pin From Net: NetName=I2C3_SDA Pin=U4-41
Removed Pin From Net: NetName=I2C2_SDA Pin=U4-42
Removed Pin From Net: NetName=I2C2_SCL Pin=U4-43
Removed Pin From Net: NetName=CAN_RX Pin=U4-45
Removed Pin From Net: NetName=CAN_TX Pin=U4-46
Removed Pin From Net: NetName=SWDIO Pin=U4-49
Removed Pin From Net: NetName=SWCLK Pin=U4-50
Removed Pin From Net: NetName=UART4_TX Pin=U4-52
Removed Pin From Net: NetName=UART4_RX Pin=U4-53
Removed Pin From Net: NetName=UART5_TX Pin=U4-54
Removed Pin From Net: NetName=UART5_RX Pin=U4-55
Removed Pin From Net: NetName=USART2_TX Pin=U4-56
Removed Pin From Net: NetName=USART2_RX Pin=U4-57
Removed Pin From Net: NetName=NetR25_2 Pin=U4-61
Change Component Comment : Designator=U12 Old Comment=SPX3819M5-L New Comment=SPX3819M5-L3-3
Added Component: Designator=U11(LQFP64)
Add component (AddParameter): Name = "Mfr_Name"; Value = "STMicroelectronics"; VariantName = "[No Variations]"
Add component (AddParameter): Name = "RefDes"; Value = "RefDes"; VariantName = "[No Variations]"
Add component (AddParameter): Name = "Type"; Value = "Type"; VariantName = "[No Variations]"
Added Pin To Net: NetName=NetD10_1 Pin=U11-2
Added Pin To Net: NetName=OSC_IN Pin=U11-5
Added Pin To Net: NetName=OSC_OUT Pin=U11-6
Added Pin To Net: NetName=NRST Pin=U11-7
Added Pin To Net: NetName=TIM1_1 Pin=U11-8
Added Pin To Net: NetName=TIM1_2 Pin=U11-9
Added Pin To Net: NetName=TIM1_3 Pin=U11-10
Added Pin To Net: NetName=TIM1_4 Pin=U11-11
Added Pin To Net: NetName=TIM2_1 Pin=U11-12
Added Pin To Net: NetName=TIM2_2 Pin=U11-13
Added Pin To Net: NetName=TIM2_3 Pin=U11-14
Added Pin To Net: NetName=TIM2_4 Pin=U11-17
Added Pin To Net: NetName=TIM3_1 Pin=U11-20
Added Pin To Net: NetName=TIM3_2 Pin=U11-21
Added Pin To Net: NetName=UART1_TX Pin=U11-22
Added Pin To Net: NetName=UART1_RX Pin=U11-23
Added Pin To Net: NetName=TIM3_3 Pin=U11-24
Added Pin To Net: NetName=TIM3_4 Pin=U11-25
Added Pin To Net: NetName=USART3_TX Pin=U11-30
Added Pin To Net: NetName=USART3_RX Pin=U11-33
Added Pin To Net: NetName=SPI_SCK Pin=U11-35
Added Pin To Net: NetName=SPI_MISO Pin=U11-36
Added Pin To Net: NetName=SPI_MOSI Pin=U11-37
Added Pin To Net: NetName=I2C3_SCL Pin=U11-40
Added Pin To Net: NetName=I2C3_SDA Pin=U11-41
Added Pin To Net: NetName=I2C2_SDA Pin=U11-42
Added Pin To Net: NetName=I2C2_SCL Pin=U11-43
Added Pin To Net: NetName=CAN_RX Pin=U11-45
Added Pin To Net: NetName=CAN_TX Pin=U11-46
Added Pin To Net: NetName=SWDIO Pin=U11-49
Added Pin To Net: NetName=SWCLK Pin=U11-50
Added Pin To Net: NetName=UART4_TX Pin=U11-52
Added Pin To Net: NetName=UART4_RX Pin=U11-53
Added Pin To Net: NetName=UART5_TX Pin=U11-54
Added Pin To Net: NetName=UART5_RX Pin=U11-55
Added Pin To Net: NetName=USART2_TX Pin=U11-56
Added Pin To Net: NetName=USART2_RX Pin=U11-57
Added Pin To Net: NetName=NetR25_2 Pin=U11-61
Added Pin To Net: NetName=NetU11_3 Pin=U11-3
Added Pin To Net: NetName=NetU11_3 Pin=U11-4
Added Pin To Net: NetName=NetU11_3 Pin=U11-18
Added Pin To Net: NetName=NetU11_3 Pin=U11-19
Added Pin To Net: NetName=NetU11_3 Pin=U11-26
Added Pin To Net: NetName=NetU11_3 Pin=U11-34
Added Pin To Net: NetName=NetU11_3 Pin=U11-38
Added Pin To Net: NetName=NetU11_3 Pin=U11-39
Added Pin To Net: NetName=NetU11_3 Pin=U11-44
Added Pin To Net: NetName=NetU11_3 Pin=U11-51
Added Pin To Net: NetName=NetU11_3 Pin=U11-58
Added Pin To Net: NetName=NetU11_3 Pin=U11-59
Added Pin To Net: NetName=NetU11_3 Pin=U11-60
Added Pin To Net: NetName=NetU11_3 Pin=U11-62
Added Net: Name=NetU11_3
Added Member To Class: ClassName=MCU Member=Component U11 STM32G473RCT6
