Removed Pin From Net: NetName=MCU Pin=R51-2
Removed Pin From Net: NetName=MCU Pin=R58-2
Removed Pin From Net: NetName=MCU Pin=R68-2
Removed Pin From Net: NetName=MCU Pin=R70-2
Removed Pin From Net: NetName=MCU Pin=R72-2
Removed Pin From Net: NetName=MCU Pin=R74-2
Removed Pin From Net: NetName=MCU Pin=R84-2
Removed Pin From Net: NetName=MCU Pin=R86-2
Removed Pin From Net: NetName=MCU Pin=T4-2
Removed Pin From Net: NetName=MCU Pin=T7-2
Removed Pin From Net: NetName=MCU Pin=T8-2
Removed Pin From Net: NetName=MCU Pin=T9-2
Removed Pin From Net: NetName=MCU Pin=T10-2
Removed Pin From Net: NetName=MCU Pin=T11-2
Removed Pin From Net: NetName=MCU Pin=T12-2
Removed Pin From Net: NetName=MCU Pin=T13-2
Removed Pin From Net: NetName=NetU4_3 Pin=U4-3
Removed Pin From Net: NetName=NetU4_3 Pin=U4-4
Removed Pin From Net: NetName=NetU4_3 Pin=U4-51
Removed Pin From Net: NetName=UART5_TX Pin=U4-54
Removed Pin From Net: NetName=UART5_RX Pin=U4-55
Removed Pin From Net: NetName=USART2_TX Pin=U4-56
Removed Pin From Net: NetName=USART2_RX Pin=U4-57
Removed Pin From Net: NetName=NetU4_3 Pin=U4-58
Removed Pin From Net: NetName=NetU4_3 Pin=U4-59
Removed Pin From Net: NetName=NetU4_3 Pin=U4-60
Removed Pin From Net: NetName=NetU4_3 Pin=U4-62
Change Component Description : Designator=Q1 Old Description=RoHS Compliant New Description=RoHS Compliant | Low RDS(on) | Industry-leading quality | Dynamic dv/dt Rating | Fast Switching | Fully Avalanche Rated | 175C Operating Temperature | Logic Level
Change Component Description : Designator=Q2 Old Description=RoHS Compliant New Description=RoHS Compliant | Low RDS(on) | Industry-leading quality | Dynamic dv/dt Rating | Fast Switching | Fully Avalanche Rated | 175C Operating Temperature | Logic Level
Added Component: Designator=R99(RES 0603)
Add component (AddParameter): Name = "LatestRevisionDate"; Value = "17-Jul-2002"; VariantName = "[No Variations]"
Add component (AddParameter): Name = "LatestRevisionNote"; Value = "Re-released for DXP Platform."; VariantName = "[No Variations]"
Add component (AddParameter): Name = "Published"; Value = "8-Jun-2000"; VariantName = "[No Variations]"
Add component (AddParameter): Name = "Publisher"; Value = "Altium Limited"; VariantName = "[No Variations]"
Added Component: Designator=R100(RES 0603)
Add component (AddParameter): Name = "LatestRevisionDate"; Value = "17-Jul-2002"; VariantName = "[No Variations]"
Add component (AddParameter): Name = "LatestRevisionNote"; Value = "Re-released for DXP Platform."; VariantName = "[No Variations]"
Add component (AddParameter): Name = "Published"; Value = "8-Jun-2000"; VariantName = "[No Variations]"
Add component (AddParameter): Name = "Publisher"; Value = "Altium Limited"; VariantName = "[No Variations]"
Added Component: Designator=R101(RES 0603)
Add component (AddParameter): Name = "LatestRevisionDate"; Value = "17-Jul-2002"; VariantName = "[No Variations]"
Add component (AddParameter): Name = "LatestRevisionNote"; Value = "Re-released for DXP Platform."; VariantName = "[No Variations]"
Add component (AddParameter): Name = "Published"; Value = "8-Jun-2000"; VariantName = "[No Variations]"
Add component (AddParameter): Name = "Publisher"; Value = "Altium Limited"; VariantName = "[No Variations]"
Added Component: Designator=R102(RES 0603)
Add component (AddParameter): Name = "LatestRevisionDate"; Value = "17-Jul-2002"; VariantName = "[No Variations]"
Add component (AddParameter): Name = "LatestRevisionNote"; Value = "Re-released for DXP Platform."; VariantName = "[No Variations]"
Add component (AddParameter): Name = "Published"; Value = "8-Jun-2000"; VariantName = "[No Variations]"
Add component (AddParameter): Name = "Publisher"; Value = "Altium Limited"; VariantName = "[No Variations]"
Added Component: Designator=U11(SOIC8)
Add component (AddParameter): Name = "Availability"; Value = "Unavailable"; VariantName = "[No Variations]"
Add component (AddParameter): Name = "MF"; Value = ""; VariantName = "[No Variations]"
Add component (AddParameter): Name = "MP"; Value = "M24C64-RMN6P"; VariantName = "[No Variations]"
Add component (AddParameter): Name = "Package"; Value = "None"; VariantName = "[No Variations]"
Add component (AddParameter): Name = "Price"; Value = "None"; VariantName = "[No Variations]"
Add component (AddParameter): Name = "Value"; Value = ""; VariantName = "[No Variations]"
Added Pin To Net: NetName=UART5_TX Pin=R99-1
Added Pin To Net: NetName=UART5_RX Pin=R100-1
Added Pin To Net: NetName=USART2_TX Pin=R101-2
Added Pin To Net: NetName=USART2_RX Pin=R102-2
Added Pin To Net: NetName=NetU4_3 Pin=U4-35
Added Pin To Net: NetName=NetU4_3 Pin=U4-36
Added Pin To Net: NetName=NetU4_3 Pin=U4-37
Added Pin To Net: NetName=NetU4_3 Pin=U4-45
Change Net Name : Old Net Name=NetU4_3 New Net Name=NetU4_18
Added Pin To Net: NetName=NetR99_2 Pin=R99-2
Added Pin To Net: NetName=NetR99_2 Pin=U4-54
Added Net: Name=NetR99_2
Added Pin To Net: NetName=NetR100_2 Pin=R100-2
Added Pin To Net: NetName=NetR100_2 Pin=U4-55
Added Net: Name=NetR100_2
Added Pin To Net: NetName=NetR101_1 Pin=R101-1
Added Pin To Net: NetName=NetR101_1 Pin=U4-56
Added Net: Name=NetR101_1
Added Pin To Net: NetName=NetR102_1 Pin=R102-1
Added Pin To Net: NetName=NetR102_1 Pin=U4-57
Added Net: Name=NetR102_1
Added Pin To Net: NetName=PA12 Pin=R86-2
Added Pin To Net: NetName=PA12 Pin=T13-2
Added Pin To Net: NetName=PA12 Pin=U4-46
Added Net: Name=PA12
Added Pin To Net: NetName=PA15 Pin=R84-2
Added Pin To Net: NetName=PA15 Pin=T12-2
Added Pin To Net: NetName=PA15 Pin=U4-51
Added Net: Name=PA15
Added Pin To Net: NetName=PB5 Pin=R74-2
Added Pin To Net: NetName=PB5 Pin=T11-2
Added Pin To Net: NetName=PB5 Pin=U4-58
Added Net: Name=PB5
Added Pin To Net: NetName=PB6 Pin=R72-2
Added Pin To Net: NetName=PB6 Pin=T10-2
Added Pin To Net: NetName=PB6 Pin=U4-59
Added Net: Name=PB6
Added Pin To Net: NetName=PB7 Pin=R70-2
Added Pin To Net: NetName=PB7 Pin=T9-2
Added Pin To Net: NetName=PB7 Pin=U4-60
Added Net: Name=PB7
Added Pin To Net: NetName=PB9 Pin=R68-2
Added Pin To Net: NetName=PB9 Pin=T8-2
Added Pin To Net: NetName=PB9 Pin=U4-62
Added Net: Name=PB9
Added Pin To Net: NetName=PC14 Pin=R58-2
Added Pin To Net: NetName=PC14 Pin=T7-2
Added Pin To Net: NetName=PC14 Pin=U4-3
Added Net: Name=PC14
Added Pin To Net: NetName=PC15 Pin=R51-2
Added Pin To Net: NetName=PC15 Pin=T4-2
Added Pin To Net: NetName=PC15 Pin=U4-4
Added Net: Name=PC15
Added Member To Class: ClassName=MCU Member=Component R99 R_0603_1K
Added Member To Class: ClassName=MCU Member=Component R100 R_0603_1K
Added Member To Class: ClassName=MCU Member=Component R101 R_0603_1K
Added Member To Class: ClassName=MCU Member=Component R102 R_0603_1K
Added Member To Class: ClassName=MCU Member=Component U11 M24C64-RMN6P
